/*C47*/SET SCHEMA PUBLIC
DELETE FROM LEILAO WHERE ID=29
DELETE FROM USUARIO WHERE ID=88
COMMIT
INSERT INTO USUARIO VALUES(89,'pdente@ig.com.br','Pedro Dente')
COMMIT
INSERT INTO USUARIO VALUES(90,'mmota@ig.com.br','Matheus Mota')
COMMIT
INSERT INTO LEILAO VALUES(30,'2018-11-11 15:16:14.045000','Celular ASUS','1',100.0E0,89)
COMMIT
INSERT INTO LANCE VALUES(20,'2018-11-11 15:16:18.599000',600.0E0,30,90)
COMMIT
/*C46*/SET SCHEMA PUBLIC
DISCONNECT
/*C45*/SET SCHEMA PUBLIC
DISCONNECT
/*C47*/DISCONNECT
/*C50*/SET SCHEMA PUBLIC
DISCONNECT
/*C48*/SET SCHEMA PUBLIC
DISCONNECT
/*C49*/SET SCHEMA PUBLIC
DISCONNECT
